<?xml version="1.0" encoding="UTF-8"?>
<!-- Generated by org.testng.reporters.JUnitReportReporter -->
<testsuite hostname="DESKTOP-UHH9F19" failures="0" tests="4" name="com.test.demo.Demo" time="0.028" errors="0" timestamp="2021-11-05T07:56:15 IST" skipped="0">
  <testcase classname="com.test.demo.Demo" name="C_verifyInteger" time="0.008"/>
  <system-out/>
  <testcase classname="com.test.demo.Demo" name="A_verifyString" time="0.015"/>
  <system-out/>
  <testcase classname="com.test.demo.Demo" name="B_verifyDigit" time="0.002"/>
  <system-out/>
  <testcase classname="com.test.demo.Demo" name="B_verifyDigit" time="0.003"/>
  <system-out/>
</testsuite> <!-- com.test.demo.Demo -->
