<?xml version="1.0" encoding="UTF-8"?>
<!-- Generated by org.testng.reporters.JUnitReportReporter -->
<testsuite hostname="DESKTOP-UHH9F19" failures="0" tests="6" name="com.test.demo.Priority_TC1" time="0.025" errors="0" timestamp="2021-11-04T22:26:51 IST" skipped="1">
  <testcase classname="com.test.demo.Priority_TC1" name="b_method" time="0.002"/>
  <system-out/>
  <testcase classname="com.test.demo.Priority_TC1" name="b_method" time="0.011"/>
  <system-out/>
  <testcase classname="com.test.demo.Priority_TC1" name="d_method" time="0.003"/>
  <system-out/>
  <testcase classname="com.test.demo.Priority_TC1" name="c_method" time="0.003"/>
  <system-out/>
  <testcase classname="com.test.demo.Priority_TC1" name="a_method" time="0.006"/>
  <system-out/>
  <testcase classname="com.test.demo.Priority_TC1" name="e_method">
    <skipped/>
  </testcase> <!-- e_method -->
  <system-out/>
</testsuite> <!-- com.test.demo.Priority_TC1 -->
